<?xml version="1.0" encoding="UTF-8"?>
<!-- Generated by org.testng.reporters.JUnitReportReporter -->
<testsuite hostname="M255" name="com.seleniumtests.core.runner.CucumberRunner" tests="1" failures="0" timestamp="18 May 2016 15:43:30 GMT" time="32.515" errors="0">
  <testcase name="feature" time="32.515" classname="com.seleniumtests.core.runner.CucumberRunner"/>
</testsuite> <!-- com.seleniumtests.core.runner.CucumberRunner -->
